<?xml version="1.0" encoding="UTF-8"?>
<!-- Generated by org.testng.reporters.JUnitReportReporter -->
<testsuite hostname="LAPTOP-EA9TV5CO" failures="0" tests="3" name="selenium.TestMultipleTimes" time="0.013" errors="0" timestamp="2024-01-16T10:04:34 IST" skipped="0">
  <testcase classname="selenium.TestMultipleTimes" name="test" time="0.001"/>
  <testcase classname="selenium.TestMultipleTimes" name="test" time="0.002"/>
  <testcase classname="selenium.TestMultipleTimes" name="test" time="0.010"/>
</testsuite> <!-- selenium.TestMultipleTimes -->
