<?xml version="1.0" encoding="UTF-8"?>
<!-- Generated by org.testng.reporters.JUnitReportReporter -->
<testsuite hostname="LAPTOP-EA9TV5CO" failures="0" tests="6" name="testNG.SkipTestCase" time="0.005" errors="0" timestamp="2023-12-27T12:59:03 IST" skipped="1">
  <testcase classname="testNG.SkipTestCase" name="startTheCar" time="0.001"/>
  <testcase classname="testNG.SkipTestCase" name="putfirstGear" time="0.001"/>
  <testcase classname="testNG.SkipTestCase" name="putsecondGear" time="0.001"/>
  <testcase classname="testNG.SkipTestCase" name="putthirdGear" time="0.001"/>
  <testcase classname="testNG.SkipTestCase" name="putfourthGear" time="0.001"/>
  <testcase classname="testNG.SkipTestCase" name="turntheMusison">
    <skipped/>
  </testcase> <!-- turntheMusison -->
</testsuite> <!-- testNG.SkipTestCase -->
