<?xml version="1.0" encoding="UTF-8"?>
<!-- Generated by org.testng.reporters.JUnitReportReporter -->
<testsuite hostname="LAPTOP-EA9TV5CO" failures="0" tests="1" name="selenium.AssertVsVerify" time="0.021" errors="0" timestamp="2024-01-15T19:20:40 IST" skipped="0">
  <testcase classname="selenium.AssertVsVerify" name="VerifyTest" time="0.021"/>
</testsuite> <!-- selenium.AssertVsVerify -->
