<?xml version="1.0" encoding="UTF-8"?>
<!-- Generated by org.testng.reporters.JUnitReportReporter -->
<testsuite hostname="LAPTOP-EA9TV5CO" failures="0" tests="1" name="testNG.SampleTestCase" time="0.022" errors="0" timestamp="2023-12-28T14:07:50 IST" skipped="0">
  <testcase classname="testNG.SampleTestCase" name="firstTestCase" time="0.022"/>
</testsuite> <!-- testNG.SampleTestCase -->
