<?xml version="1.0" encoding="UTF-8"?>
<!-- Generated by org.testng.reporters.JUnitReportReporter -->
<testsuite hostname="LAPTOP-EA9TV5CO" failures="0" tests="3" name="testNG.suiteExample" time="21.681" errors="0" timestamp="2023-12-26T20:29:30 IST" skipped="0">
  <testcase classname="testNG.suiteExample" name="openGoogle" time="5.491"/>
  <testcase classname="testNG.suiteExample" name="openYahoo" time="10.195"/>
  <testcase classname="testNG.suiteExample" name="openBing" time="5.995"/>
</testsuite> <!-- testNG.suiteExample -->
