<?xml version="1.0" encoding="UTF-8"?>
<!-- Generated by org.testng.reporters.JUnitReportReporter -->
<testsuite hostname="LAPTOP-EA9TV5CO" failures="0" tests="1" name="testNG.AnnotationsHierachyExample" time="0.011" errors="0" timestamp="2024-01-18T12:25:01 IST" skipped="0">
  <testcase classname="testNG.AnnotationsHierachyExample" name="test" time="0.011"/>
</testsuite> <!-- testNG.AnnotationsHierachyExample -->
