<?xml version="1.0" encoding="UTF-8"?>
<!-- Generated by org.testng.reporters.JUnitReportReporter -->
<testsuite hostname="LAPTOP-EA9TV5CO" failures="0" tests="2" name="testNG.ParallelTesting" time="18.336" errors="0" timestamp="2023-12-28T11:09:43 IST" skipped="0">
  <testcase classname="testNG.ParallelTesting" name="opengoogle" time="8.947"/>
  <testcase classname="testNG.ParallelTesting" name="openBing" time="9.389"/>
</testsuite> <!-- testNG.ParallelTesting -->
