<?xml version="1.0" encoding="UTF-8"?>
<!-- Generated by org.testng.reporters.JUnitReportReporter -->
<testsuite hostname="LAPTOP-EA9TV5CO" failures="0" tests="2" name="selenium.AnnotationTest" time="0.009" errors="0" timestamp="2024-01-16T09:56:10 IST" skipped="0">
  <testcase classname="selenium.AnnotationTest" name="Test1" time="0.006"/>
  <testcase classname="selenium.AnnotationTest" name="Test2" time="0.003"/>
</testsuite> <!-- selenium.AnnotationTest -->
