<?xml version="1.0" encoding="UTF-8"?>
<!-- Generated by org.testng.reporters.JUnitReportReporter -->
<testsuite hostname="LAPTOP-EA9TV5CO" failures="0" tests="1" name="testNG.AnnotationTest" time="0.009" errors="0" timestamp="2024-01-16T09:42:52 IST" skipped="0">
  <testcase classname="testNG.AnnotationTest" name="Test" time="0.009"/>
</testsuite> <!-- testNG.AnnotationTest -->
