<?xml version="1.0" encoding="UTF-8"?>
<!-- Generated by org.testng.reporters.JUnitReportReporter -->
<testsuite hostname="LAPTOP-EA9TV5CO" failures="0" tests="3" name="testNG.EasySuiteExample" time="5.059" errors="0" timestamp="2023-12-26T20:53:59 IST" skipped="0">
  <testcase classname="testNG.EasySuiteExample" name="openYahoo" time="2.658"/>
  <testcase classname="testNG.EasySuiteExample" name="openGoogle" time="1.795"/>
  <testcase classname="testNG.EasySuiteExample" name="openBing" time="0.606"/>
</testsuite> <!-- testNG.EasySuiteExample -->
