<?xml version="1.0" encoding="UTF-8"?>
<!-- Generated by org.testng.reporters.JUnitReportReporter -->
<testsuite hostname="LAPTOP-EA9TV5CO" failures="0" tests="3" name="testNG.DependanciesManagement" time="0.015" errors="0" timestamp="2024-01-18T12:25:16 IST" skipped="0">
  <testcase classname="testNG.DependanciesManagement" name="highSchool" time="0.011"/>
  <testcase classname="testNG.DependanciesManagement" name="higherSecondary" time="0.002"/>
  <testcase classname="testNG.DependanciesManagement" name="engineering" time="0.002"/>
</testsuite> <!-- testNG.DependanciesManagement -->
