<?xml version="1.0" encoding="UTF-8"?>
<!-- Generated by org.testng.reporters.JUnitReportReporter -->
<testsuite hostname="LAPTOP-EA9TV5CO" failures="0" tests="5" name="testNG.DriveACar" time="0.008" errors="0" timestamp="2023-12-27T12:59:03 IST" skipped="0">
  <testcase classname="testNG.DriveACar" name="startTheCar" time="0.001"/>
  <testcase classname="testNG.DriveACar" name="putfirstGear" time="0.002"/>
  <testcase classname="testNG.DriveACar" name="putsecondGear" time="0.002"/>
  <testcase classname="testNG.DriveACar" name="putthirdGear" time="0.001"/>
  <testcase classname="testNG.DriveACar" name="putfourthGear" time="0.002"/>
</testsuite> <!-- testNG.DriveACar -->
