<?xml version="1.0" encoding="UTF-8"?>
<!-- Generated by org.testng.reporters.JUnitReportReporter -->
<testsuite hostname="LAPTOP-EA9TV5CO" failures="0" tests="1" name="selenium.TimeOutExample" time="2.020" errors="0" timestamp="2024-01-17T10:02:40 IST" skipped="0">
  <testcase classname="selenium.TimeOutExample" name="test" time="2.020"/>
</testsuite> <!-- selenium.TimeOutExample -->
