<?xml version="1.0" encoding="UTF-8"?>
<!-- Generated by org.testng.reporters.JUnitReportReporter -->
<testsuite hostname="LAPTOP-EA9TV5CO" failures="0" tests="4" name="testNG.GroupingExample" time="0.013" errors="0" timestamp="2024-01-18T12:24:45 IST" skipped="0">
  <testcase classname="testNG.GroupingExample" name="Moto2" time="0.001"/>
  <testcase classname="testNG.GroupingExample" name="Vivo2" time="0.001"/>
  <testcase classname="testNG.GroupingExample" name="Moto1" time="0.010"/>
  <testcase classname="testNG.GroupingExample" name="Vivo1" time="0.001"/>
</testsuite> <!-- testNG.GroupingExample -->
